<?xml version="1.0" encoding="UTF-8"?>
<!-- Generated by org.testng.reporters.JUnitXMLReporter -->
<testsuite ignored="0" hostname="LAPTOP-ROTMC3G5" failures="0" tests="4" name="DemoQA" time="23.392" errors="0" timestamp="2021-05-02T17:30:53 BST">
  <testcase classname="com.controller.BaseTest" name="fillFormTestCase" time="11.824"/>
  <testcase classname="com.controller.BaseTest" name="verifyAlerts" time="12.561"/>
  <testcase classname="com.controller.BaseTest" name="verifyDragAndDrop" time="4.714"/>
  <testcase classname="com.controller.BaseTest" name="verifyHoverTestCase" time="8.763"/>
</testsuite> <!-- DemoQA -->
