<?xml version="1.0" encoding="UTF-8"?>
<!-- Generated by org.testng.reporters.JUnitXMLReporter -->
<testsuite ignored="0" hostname="LAPTOP-ROTMC3G5" failures="0" tests="4" name="DemoQA" time="19.877" errors="0" timestamp="2021-05-01T23:55:20 BST">
  <testcase classname="com.controller.BaseTest" name="fillFormTestCase" time="7.961"/>
  <testcase classname="com.controller.BaseTest" name="verifyAlerts" time="10.268"/>
  <testcase classname="com.controller.BaseTest" name="verifyDragAndDrop" time="3.878"/>
  <testcase classname="com.controller.BaseTest" name="verifyHoverTestCase" time="7.668"/>
</testsuite> <!-- DemoQA -->
