<?xml version="1.0" encoding="UTF-8"?>
<!-- Generated by org.testng.reporters.JUnitXMLReporter -->
<testsuite ignored="0" hostname="LAPTOP-ROTMC3G5" failures="0" tests="4" name="SubmitForm" time="81.58" errors="0" timestamp="2021-05-01T23:30:07 BST">
  <testcase classname="com.controller.BaseTest" name="fillFormTestCase" time="10.987"/>
  <testcase classname="com.controller.BaseTest" name="verifyAlerts" time="14.36"/>
  <testcase classname="com.controller.BaseTest" name="verifyDragAndDrop" time="26.937"/>
  <testcase classname="com.controller.BaseTest" name="verifyHoverTestCase" time="12.933"/>
</testsuite> <!-- SubmitForm -->
