<?xml version="1.0" encoding="UTF-8"?>
<!-- Generated by org.testng.reporters.JUnitXMLReporter -->
<testsuite ignored="0" hostname="LAPTOP-ROTMC3G5" failures="1" tests="4" name="Surefire test" time="3.819" errors="0" timestamp="2021-05-02T16:10:28 BST">
  <testcase classname="com.controller.BaseTest" name="@AfterMethod releaseThreadsAndShutDown" time="0.004">
    <failure type="java.lang.NullPointerException" message="Cannot invoke &amp;quot;org.openqa.selenium.WebDriver.quit()&amp;quot; because the return value of &amp;quot;com.controller.BrowserFactory.getWebDriver()&amp;quot; is null">
      <![CDATA[java.lang.NullPointerException: Cannot invoke "org.openqa.selenium.WebDriver.quit()" because the return value of "com.controller.BrowserFactory.getWebDriver()" is null
at com.controller.BaseTest.flushReporterAndRemoveThreads(BaseTest.java:118)
at com.controller.BaseTest.releaseThreadsAndShutDown(BaseTest.java:105)
at java.base/java.util.ArrayList.forEach(ArrayList.java:1511)
... Removed 37 stack frames]]>
    </failure>
  </testcase> <!-- @AfterMethod releaseThreadsAndShutDown -->
  <testcase classname="com.controller.BaseTest" name="@AfterMethod releaseThreadsAndShutDown" time="-1.619968228724E9">
    <skipped/>
  </testcase> <!-- @AfterMethod releaseThreadsAndShutDown -->
  <testcase classname="com.controller.BaseTest" name="@AfterMethod releaseThreadsAndShutDown" time="-1.619968228726E9">
    <skipped/>
  </testcase> <!-- @AfterMethod releaseThreadsAndShutDown -->
  <testcase classname="com.controller.BaseTest" name="@AfterMethod releaseThreadsAndShutDown" time="-1.619968228728E9">
    <skipped/>
  </testcase> <!-- @AfterMethod releaseThreadsAndShutDown -->
  <testcase classname="com.controller.BaseTest" name="fillFormTestCase" time="3.74">
    <failure type="java.lang.NullPointerException" message="Cannot invoke &amp;quot;org.openqa.selenium.WebDriver.get(String)&amp;quot; because the return value of &amp;quot;com.controller.BrowserFactory.getWebDriver()&amp;quot; is null">
      <![CDATA[java.lang.NullPointerException: Cannot invoke "org.openqa.selenium.WebDriver.get(String)" because the return value of "com.controller.BrowserFactory.getWebDriver()" is null
at com.controller.BaseTest.fillPractiseForm(BaseTest.java:129)
at com.controller.BaseTest.fillFormTestCase(BaseTest.java:26)
at java.base/java.util.ArrayList.forEach(ArrayList.java:1511)
... Removed 32 stack frames]]>
    </failure>
  </testcase> <!-- fillFormTestCase -->
  <testcase classname="com.controller.BaseTest" name="verifyAlerts" time="0.0">
    <skipped/>
  </testcase> <!-- verifyAlerts -->
  <testcase classname="com.controller.BaseTest" name="verifyDragAndDrop" time="0.0">
    <skipped/>
  </testcase> <!-- verifyDragAndDrop -->
  <testcase classname="com.controller.BaseTest" name="verifyHoverTestCase" time="0.0">
    <skipped/>
  </testcase> <!-- verifyHoverTestCase -->
</testsuite> <!-- Surefire test -->
