<?xml version="1.0" encoding="UTF-8"?>
<!-- Generated by org.testng.reporters.JUnitXMLReporter -->
<testsuite ignored="0" hostname="LAPTOP-ROTMC3G5" failures="0" tests="4" name="Surefire test" time="32.562" errors="0" timestamp="2021-05-02T15:36:53 BST">
  <testcase classname="com.controller.BaseTest" name="fillFormTestCase" time="7.907"/>
  <testcase classname="com.controller.BaseTest" name="verifyAlerts" time="8.87"/>
  <testcase classname="com.controller.BaseTest" name="verifyDragAndDrop" time="3.821"/>
  <testcase classname="com.controller.BaseTest" name="verifyHoverTestCase" time="7.871"/>
</testsuite> <!-- Surefire test -->
