<?xml version="1.0" encoding="UTF-8"?>
<testsuite xmlns:xsi="http://www.w3.org/2001/XMLSchema-instance" xsi:noNamespaceSchemaLocation="https://maven.apache.org/surefire/maven-surefire-plugin/xsd/surefire-test-report.xsd" name="com.controller.BaseTest" time="32.974" tests="4" errors="0" skipped="0" failures="0">
  <properties>
[...]
</properties>
  <testcase name="fillFormTestCase" classname="com.controller.BaseTest" time="7.92"/>
  <testcase name="verifyAlerts" classname="com.controller.BaseTest" time="8.873"/>
  <testcase name="verifyDragAndDrop" classname="com.controller.BaseTest" time="3.821"/>
  <testcase name="verifyHoverTestCase" classname="com.controller.BaseTest" time="7.871"/>
</testsuite>