<?xml version="1.0" encoding="UTF-8"?>
<testsuite xmlns:xsi="http://www.w3.org/2001/XMLSchema-instance" xsi:noNamespaceSchemaLocation="https://maven.apache.org/surefire/maven-surefire-plugin/xsd/surefire-test-report.xsd" name="com.controller.BaseTest" time="4.368" tests="8" errors="0" skipped="6" failures="2">
  <properties>
[...]
</properties>
  <testcase name="fillFormTestCase" classname="com.controller.BaseTest" time="3.797">
    <failure message="Cannot invoke &quot;org.openqa.selenium.WebDriver.get(String)&quot; because the return value of &quot;com.controller.BrowserFactory.getWebDriver()&quot; is null" type="java.lang.NullPointerException">java.lang.NullPointerException: Cannot invoke "org.openqa.selenium.WebDriver.get(String)" because the return value of "com.controller.BrowserFactory.getWebDriver()" is null
	at com.controller.BaseTest.fillPractiseForm(BaseTest.java:129)
	at com.controller.BaseTest.fillFormTestCase(BaseTest.java:26)
</failure>
    <system-err><![CDATA[org.openqa.selenium.remote.UnreachableBrowserException: Could not start a new session. Possible causes are invalid address of the remote server or browser start-up failure.
Build info: version: '4.0.0-alpha-3', revision: '8c567de6dc'
System info: host: 'LAPTOP-ROTMC3G5', ip: '172.22.80.1', os.name: 'Windows 10', os.arch: 'amd64', os.version: '10.0', java.version: '15.0.2'
Driver info: driver.version: RemoteWebDriver
	at org.openqa.selenium.remote.RemoteWebDriver.execute(RemoteWebDriver.java:597)
	at org.openqa.selenium.remote.RemoteWebDriver.startSession(RemoteWebDriver.java:210)
	at org.openqa.selenium.remote.RemoteWebDriver.<init>(RemoteWebDriver.java:130)
	at org.openqa.selenium.remote.RemoteWebDriver.<init>(RemoteWebDriver.java:143)
	at com.controller.BrowserFactory.setWebDriver(BrowserFactory.java:55)
	at com.controller.BaseTest.setBrowser_ReporterForTest(BaseTest.java:144)
	at com.controller.BaseTest.instantiate(BaseTest.java:135)
	at com.controller.BaseTest.fillFormTestCase(BaseTest.java:24)
	at java.base/jdk.internal.reflect.NativeMethodAccessorImpl.invoke0(Native Method)
	at java.base/jdk.internal.reflect.NativeMethodAccessorImpl.invoke(NativeMethodAccessorImpl.java:64)
	at java.base/jdk.internal.reflect.DelegatingMethodAccessorImpl.invoke(DelegatingMethodAccessorImpl.java:43)
	at java.base/java.lang.reflect.Method.invoke(Method.java:564)
	at org.testng.internal.MethodInvocationHelper.invokeMethod(MethodInvocationHelper.java:134)
	at org.testng.internal.TestInvoker.invokeMethod(TestInvoker.java:597)
	at org.testng.internal.TestInvoker.invokeTestMethod(TestInvoker.java:173)
	at org.testng.internal.MethodRunner.runInSequence(MethodRunner.java:46)
	at org.testng.internal.TestInvoker$MethodInvocationAgent.invoke(TestInvoker.java:816)
	at org.testng.internal.TestInvoker.invokeTestMethods(TestInvoker.java:146)
	at org.testng.internal.TestMethodWorker.invokeTestMethods(TestMethodWorker.java:146)
	at org.testng.internal.TestMethodWorker.run(TestMethodWorker.java:128)
	at java.base/java.util.ArrayList.forEach(ArrayList.java:1511)
	at org.testng.TestRunner.privateRun(TestRunner.java:766)
	at org.testng.TestRunner.run(TestRunner.java:587)
	at org.testng.SuiteRunner.runTest(SuiteRunner.java:384)
	at org.testng.SuiteRunner.runSequentially(SuiteRunner.java:378)
	at org.testng.SuiteRunner.privateRun(SuiteRunner.java:337)
	at org.testng.SuiteRunner.run(SuiteRunner.java:286)
	at org.testng.SuiteRunnerWorker.runSuite(SuiteRunnerWorker.java:53)
	at org.testng.SuiteRunnerWorker.run(SuiteRunnerWorker.java:96)
	at org.testng.TestNG.runSuitesSequentially(TestNG.java:1187)
	at org.testng.TestNG.runSuitesLocally(TestNG.java:1109)
	at org.testng.TestNG.runSuites(TestNG.java:1039)
	at org.testng.TestNG.run(TestNG.java:1007)
	at org.apache.maven.surefire.testng.TestNGExecutor.run(TestNGExecutor.java:135)
	at org.apache.maven.surefire.testng.TestNGDirectoryTestSuite.executeSingleClass(TestNGDirectoryTestSuite.java:112)
	at org.apache.maven.surefire.testng.TestNGDirectoryTestSuite.execute(TestNGDirectoryTestSuite.java:99)
	at org.apache.maven.surefire.testng.TestNGProvider.invoke(TestNGProvider.java:146)
	at org.apache.maven.surefire.booter.ForkedBooter.invokeProviderInSameClassLoader(ForkedBooter.java:384)
	at org.apache.maven.surefire.booter.ForkedBooter.runSuitesInProcess(ForkedBooter.java:345)
	at org.apache.maven.surefire.booter.ForkedBooter.execute(ForkedBooter.java:126)
	at org.apache.maven.surefire.booter.ForkedBooter.main(ForkedBooter.java:418)
Caused by: java.io.UncheckedIOException: java.net.ConnectException: Failed to connect to /127.0.0.1:63984
	at org.openqa.selenium.remote.http.okhttp.OkHandler.makeCall(OkHandler.java:63)
	at org.openqa.selenium.remote.http.AddSeleniumUserAgent.lambda$apply$0(AddSeleniumUserAgent.java:42)
	at org.openqa.selenium.remote.http.Filter.lambda$andFinally$1(Filter.java:55)
	at org.openqa.selenium.remote.http.okhttp.OkHandler.execute(OkHandler.java:52)
	at org.openqa.selenium.remote.http.AddSeleniumUserAgent.lambda$apply$0(AddSeleniumUserAgent.java:42)
	at org.openqa.selenium.remote.http.Filter.lambda$andFinally$1(Filter.java:55)
	at org.openqa.selenium.remote.http.okhttp.OkHttpClient.execute(OkHttpClient.java:45)
	at org.openqa.selenium.remote.ProtocolHandshake.createSession(ProtocolHandshake.java:106)
	at org.openqa.selenium.remote.ProtocolHandshake.createSession(ProtocolHandshake.java:75)
	at org.openqa.selenium.remote.HttpCommandExecutor.execute(HttpCommandExecutor.java:139)
	at org.openqa.selenium.remote.RemoteWebDriver.execute(RemoteWebDriver.java:576)
	... 40 more
Caused by: java.net.ConnectException: Failed to connect to /127.0.0.1:63984
	at okhttp3.internal.connection.RealConnection.connectSocket(RealConnection.kt:270)
	at okhttp3.internal.connection.RealConnection.connect(RealConnection.kt:176)
	at okhttp3.internal.connection.ExchangeFinder.findConnection(ExchangeFinder.kt:236)
	at okhttp3.internal.connection.ExchangeFinder.findHealthyConnection(ExchangeFinder.kt:109)
	at okhttp3.internal.connection.ExchangeFinder.find(ExchangeFinder.kt:77)
	at okhttp3.internal.connection.Transmitter.newExchange$okhttp(Transmitter.kt:162)
	at okhttp3.internal.connection.ConnectInterceptor.intercept(ConnectInterceptor.kt:35)
	at okhttp3.internal.http.RealInterceptorChain.proceed(RealInterceptorChain.kt:112)
	at okhttp3.internal.http.RealInterceptorChain.proceed(RealInterceptorChain.kt:87)
	at okhttp3.internal.cache.CacheInterceptor.intercept(CacheInterceptor.kt:82)
	at okhttp3.internal.http.RealInterceptorChain.proceed(RealInterceptorChain.kt:112)
	at okhttp3.internal.http.RealInterceptorChain.proceed(RealInterceptorChain.kt:87)
	at okhttp3.internal.http.BridgeInterceptor.intercept(BridgeInterceptor.kt:84)
	at okhttp3.internal.http.RealInterceptorChain.proceed(RealInterceptorChain.kt:112)
	at okhttp3.internal.http.RetryAndFollowUpInterceptor.intercept(RetryAndFollowUpInterceptor.kt:71)
	at okhttp3.internal.http.RealInterceptorChain.proceed(RealInterceptorChain.kt:112)
	at okhttp3.internal.http.RealInterceptorChain.proceed(RealInterceptorChain.kt:87)
	at okhttp3.RealCall.getResponseWithInterceptorChain(RealCall.kt:184)
	at okhttp3.RealCall.execute(RealCall.kt:66)
	at org.openqa.selenium.remote.http.okhttp.OkHandler.makeCall(OkHandler.java:60)
	... 50 more
Caused by: java.net.ConnectException: Connection refused: no further information
	at java.base/sun.nio.ch.Net.pollConnect(Native Method)
	at java.base/sun.nio.ch.Net.pollConnectNow(Net.java:660)
	at java.base/sun.nio.ch.NioSocketImpl.timedFinishConnect(NioSocketImpl.java:549)
	at java.base/sun.nio.ch.NioSocketImpl.connect(NioSocketImpl.java:597)
	at java.base/java.net.SocksSocketImpl.connect(SocksSocketImpl.java:333)
	at java.base/java.net.Socket.connect(Socket.java:648)
	at okhttp3.internal.platform.Platform.connectSocket(Platform.kt:126)
	at okhttp3.internal.connection.RealConnection.connectSocket(RealConnection.kt:268)
	... 69 more
]]></system-err>
  </testcase>
  <testcase name="releaseThreadsAndShutDown" classname="com.controller.BaseTest" time="3.8">
    <failure message="Cannot invoke &quot;org.openqa.selenium.WebDriver.quit()&quot; because the return value of &quot;com.controller.BrowserFactory.getWebDriver()&quot; is null" type="java.lang.NullPointerException">java.lang.NullPointerException: Cannot invoke "org.openqa.selenium.WebDriver.quit()" because the return value of "com.controller.BrowserFactory.getWebDriver()" is null
	at com.controller.BaseTest.flushReporterAndRemoveThreads(BaseTest.java:118)
	at com.controller.BaseTest.releaseThreadsAndShutDown(BaseTest.java:105)
</failure>
  </testcase>
  <testcase name="releaseThreadsAndShutDown" classname="com.controller.BaseTest" time="0">
    <skipped/>
  </testcase>
  <testcase name="releaseThreadsAndShutDown" classname="com.controller.BaseTest" time="0">
    <skipped/>
  </testcase>
  <testcase name="releaseThreadsAndShutDown" classname="com.controller.BaseTest" time="0">
    <skipped/>
  </testcase>
  <testcase name="verifyAlerts" classname="com.controller.BaseTest" time="0">
    <skipped message="Cannot invoke &quot;org.openqa.selenium.WebDriver.quit()&quot; because the return value of &quot;com.controller.BrowserFactory.getWebDriver()&quot; is null"/>
  </testcase>
  <testcase name="verifyDragAndDrop" classname="com.controller.BaseTest" time="0">
    <skipped message="Cannot invoke &quot;org.openqa.selenium.WebDriver.quit()&quot; because the return value of &quot;com.controller.BrowserFactory.getWebDriver()&quot; is null"/>
  </testcase>
  <testcase name="verifyHoverTestCase" classname="com.controller.BaseTest" time="0">
    <skipped message="Cannot invoke &quot;org.openqa.selenium.WebDriver.quit()&quot; because the return value of &quot;com.controller.BrowserFactory.getWebDriver()&quot; is null"/>
  </testcase>
</testsuite>