<?xml version="1.0" encoding="UTF-8"?>
<testng-results ignored="0" total="4" passed="4" failed="0" skipped="0">
  <reporter-output>
  </reporter-output>
  <suite started-at="2021-05-02T17:30:30 BST" name="MySuite" finished-at="2021-05-02T17:30:53 BST" duration-ms="23392">
    <groups>
    </groups>
    <test started-at="2021-05-02T17:30:30 BST" name="DemoQA" finished-at="2021-05-02T17:30:53 BST" duration-ms="23392">
      <class name="com.controller.BaseTest">
        <test-method signature="fillFormTestCase(java.lang.String)[pri:0, instance:com.controller.BaseTest@638ef7ed]" started-at="2021-05-02T17:30:30 BST" name="fillFormTestCase" description="Dynamic test Builder" data-provider="formData" finished-at="2021-05-02T17:30:42 BST" duration-ms="11824" status="PASS">
          <params>
            <param index="0">
              <value>
                <![CDATA[SubmitForm]]>
              </value>
            </param>
          </params>
          <reporter-output>
          </reporter-output>
        </test-method> <!-- fillFormTestCase -->
        <test-method signature="verifyAlerts(java.lang.String)[pri:0, instance:com.controller.BaseTest@638ef7ed]" started-at="2021-05-02T17:30:30 BST" name="verifyAlerts" description="Accept Alerts" data-provider="alerts" finished-at="2021-05-02T17:30:42 BST" duration-ms="12561" status="PASS">
          <params>
            <param index="0">
              <value>
                <![CDATA[ALERTCHECK]]>
              </value>
            </param>
          </params>
          <reporter-output>
          </reporter-output>
        </test-method> <!-- verifyAlerts -->
        <test-method is-config="true" signature="releaseThreadsAndShutDown()[pri:0, instance:com.controller.BaseTest@638ef7ed]" started-at="2021-05-02T17:30:42 BST" name="releaseThreadsAndShutDown" finished-at="2021-05-02T17:30:44 BST" duration-ms="1780" status="PASS">
          <reporter-output>
          </reporter-output>
        </test-method> <!-- releaseThreadsAndShutDown -->
        <test-method is-config="true" signature="releaseThreadsAndShutDown()[pri:0, instance:com.controller.BaseTest@638ef7ed]" started-at="2021-05-02T17:30:42 BST" name="releaseThreadsAndShutDown" finished-at="2021-05-02T17:30:44 BST" duration-ms="1255" status="PASS">
          <reporter-output>
          </reporter-output>
        </test-method> <!-- releaseThreadsAndShutDown -->
        <test-method signature="verifyDragAndDrop(java.lang.String)[pri:0, instance:com.controller.BaseTest@638ef7ed]" started-at="2021-05-02T17:30:44 BST" name="verifyDragAndDrop" description="Verify Drag and Drop" data-provider="dragdrop" finished-at="2021-05-02T17:30:48 BST" duration-ms="4714" status="PASS">
          <params>
            <param index="0">
              <value>
                <![CDATA[DRAGDROP]]>
              </value>
            </param>
          </params>
          <reporter-output>
          </reporter-output>
        </test-method> <!-- verifyDragAndDrop -->
        <test-method signature="verifyHoverTestCase(java.lang.String)[pri:0, instance:com.controller.BaseTest@638ef7ed]" started-at="2021-05-02T17:30:44 BST" name="verifyHoverTestCase" description="verify Hovers" data-provider="hovers" finished-at="2021-05-02T17:30:52 BST" duration-ms="8763" status="PASS">
          <params>
            <param index="0">
              <value>
                <![CDATA[HOVERCHECK]]>
              </value>
            </param>
          </params>
          <reporter-output>
          </reporter-output>
        </test-method> <!-- verifyHoverTestCase -->
        <test-method is-config="true" signature="releaseThreadsAndShutDown()[pri:0, instance:com.controller.BaseTest@638ef7ed]" started-at="2021-05-02T17:30:48 BST" name="releaseThreadsAndShutDown" finished-at="2021-05-02T17:30:49 BST" duration-ms="890" status="PASS">
          <reporter-output>
          </reporter-output>
        </test-method> <!-- releaseThreadsAndShutDown -->
        <test-method is-config="true" signature="releaseThreadsAndShutDown()[pri:0, instance:com.controller.BaseTest@638ef7ed]" started-at="2021-05-02T17:30:52 BST" name="releaseThreadsAndShutDown" finished-at="2021-05-02T17:30:53 BST" duration-ms="738" status="PASS">
          <reporter-output>
          </reporter-output>
        </test-method> <!-- releaseThreadsAndShutDown -->
      </class> <!-- com.controller.BaseTest -->
    </test> <!-- DemoQA -->
  </suite> <!-- MySuite -->
</testng-results>
